<?xml version="1.0" encoding="UTF-8"?>
<!-- Generated by org.testng.reporters.JUnitReportReporter -->
<testsuite hostname="DESKTOP-VQ5TAFB" failures="0" tests="3" name="Compragamer" time="18.301" errors="0" timestamp="2021-11-11T19:08:09 ART" skipped="0">
  <testcase classname="Compragamer" name="loadPage" time="4.634"/>
  <system-out/>
  <testcase classname="Compragamer" name="searchProduct" time="9.441"/>
  <system-out/>
  <testcase classname="Compragamer" name="finishTest" time="4.226"/>
  <system-out/>
</testsuite> <!-- Compragamer -->
